<?xml version="1.0" encoding="UTF-8"?>
<!-- Generated by org.testng.reporters.JUnitReportReporter -->
<testsuite skipped="0" hostname="DESKTOP-2CDHK3O" name="com.way2auto.testcases.BankManagerLogin" tests="1" failures="0" timestamp="2020-03-31T23:26:26 IST" time="10.368" errors="0">
  <testcase name="loginAsBm" time="10.368" classname="com.way2auto.testcases.BankManagerLogin"/>
  <system-out/>
</testsuite> <!-- com.way2auto.testcases.BankManagerLogin -->
